-------------------------------------------------------------------------------
[09:48PM] NGL configured with 
[09:48PM] OpenGL 4.1 (Core Profile) Mesa 23.2.1-1ubuntu3.1~22.04.3
[09:48PM] GLSL version 4.10
-------------------------------------------------------------------------------
[09:48PM] creating empty ShaderProgram nglTextShader
[09:48PM] just attached nglTextVertex to ngl::ShaderLib
[09:48PM] just attached nglTextFragment to ngl::ShaderLib
[09:48PM] Compiling Shader nglTextVertex
[09:48PM] Compiling Shader nglTextFragment
[09:48PM] nglTextVertex attached to program
[09:48PM] nglTextFragment attached to program
[09:48PM] Linking nglTextShader
[09:48PM] linking Shader nglTextShader 
FOUND UNIFORM BLOCKS 0
FOUND UNIFORM BLOCKS 0
[09:48PM] creating empty ShaderProgram nglColourShader
[09:48PM] just attached nglColourVertex to ngl::ShaderLib
[09:48PM] just attached nglColourFragment to ngl::ShaderLib
[09:48PM] Compiling Shader nglColourVertex
[09:48PM] Compiling Shader nglColourFragment
[09:48PM] nglColourVertex attached to program
[09:48PM] nglColourFragment attached to program
[09:48PM] Linking nglColourShader
[09:48PM] linking Shader nglColourShader 
FOUND UNIFORM BLOCKS 0
FOUND UNIFORM BLOCKS 0
[09:48PM] creating empty ShaderProgram nglDiffuseShader
[09:48PM] just attached nglDiffuseVertex to ngl::ShaderLib
[09:48PM] just attached nglDiffuseFragment to ngl::ShaderLib
[09:48PM] Compiling Shader nglDiffuseVertex
[09:48PM] Compiling Shader nglDiffuseFragment
[09:48PM] nglDiffuseVertex attached to program
[09:48PM] nglDiffuseFragment attached to program
[09:48PM] Linking nglDiffuseShader
[09:48PM] linking Shader nglDiffuseShader 
FOUND UNIFORM BLOCKS 0
FOUND UNIFORM BLOCKS 0
[09:48PM] creating empty ShaderProgram nglCheckerShader
[09:48PM] just attached nglCheckerVertex to ngl::ShaderLib
[09:48PM] just attached nglCheckerFragment to ngl::ShaderLib
[09:48PM] Compiling Shader nglCheckerVertex
[09:48PM] Compiling Shader nglCheckerFragment
[09:48PM] nglCheckerVertex attached to program
[09:48PM] nglCheckerFragment attached to program
[09:48PM] Linking nglCheckerShader
[09:48PM] linking Shader nglCheckerShader 
FOUND UNIFORM BLOCKS 0
FOUND UNIFORM BLOCKS 0
[09:48PM] [ERROR] :-  file ../models/Hand_openglTest.obj not found  
[09:48PM] [ERROR] :- Error loading file ../models/Hand_openglTest.obj 
